05.04.2024 12:50:30 - System.Net.Http.StringContent
05.04.2024 12:52:07 - { "time_entry": { "issue_id": 22815, "hours": 1, "comments": "" } }
05.04.2024 13:05:22 - Time entry tracked successfully.
08.04.2024 11:02:59 - Запущен
08.04.2024 11:03:02 - Остановлен
08.04.2024 11:03:03 - Запущен
08.04.2024 11:03:11 - Остановлен
08.04.2024 11:15:22 - Запущен
08.04.2024 12:55:50 - Запущен
08.04.2024 13:02:11 - Запущен
08.04.2024 13:04:21 - Запущен
08.04.2024 13:05:45 - Запущен
08.04.2024 13:24:45 - Запущен
08.04.2024 13:24:46 - Остановлен
08.04.2024 13:26:50 - Запущен
08.04.2024 13:55:03 - Запущен
08.04.2024 14:00:17 - Запущен
08.04.2024 14:00:41 - Остановлен
09.04.2024 16:51:13 - Запущен
18.05.2024 10:31:35 - Запущен
18.05.2024 10:32:58 - Запущен
18.05.2024 10:33:20 - Authorization through X-Redmine-API-Key: 9c419628079ca174afef5db6ae4e96cde6f80f56
18.05.2024 10:33:20 - Waiting for a response from https://redmine.cbt.by/
18.05.2024 10:33:20 - Time entry tracked successfully.
18.05.2024 10:33:20 - In task 24623 sent 8 hour(s).
18.05.2024 10:33:50 - Authorization through X-Redmine-API-Key: 9c419628079ca174afef5db6ae4e96cde6f80f56
18.05.2024 10:33:50 - Waiting for a response from https://redmine.cbt.by/
18.05.2024 10:33:50 - Time entry tracked successfully.
18.05.2024 10:33:50 - In task 24623 sent 7 hour(s).
18.05.2024 10:34:05 - Authorization through X-Redmine-API-Key: 9c419628079ca174afef5db6ae4e96cde6f80f56
18.05.2024 10:34:05 - Waiting for a response from https://redmine.cbt.by/
18.05.2024 10:34:05 - Time entry tracked successfully.
18.05.2024 10:34:05 - In task 24623 sent 8 hour(s).
18.05.2024 10:34:15 - Authorization through X-Redmine-API-Key: 9c419628079ca174afef5db6ae4e96cde6f80f56
18.05.2024 10:34:15 - Waiting for a response from https://redmine.cbt.by/
18.05.2024 10:34:15 - Failed to track time. Status code: 422
18.05.2024 10:34:25 - Authorization through X-Redmine-API-Key: 9c419628079ca174afef5db6ae4e96cde6f80f56
18.05.2024 10:34:25 - Waiting for a response from https://redmine.cbt.by/
18.05.2024 10:34:25 - Failed to track time. Status code: 422
18.05.2024 10:34:35 - Authorization through X-Redmine-API-Key: 9c419628079ca174afef5db6ae4e96cde6f80f56
18.05.2024 10:34:35 - Waiting for a response from https://redmine.cbt.by/
18.05.2024 10:34:35 - Failed to track time. Status code: 422
18.05.2024 10:34:36 - Остановлен
